[2024-04-24T16:49:45.935+0000] {local_task_job_runner.py:120} INFO - ::group::Pre task execution logs
[2024-04-24T16:49:46.132+0000] {taskinstance.py:2073} INFO - Dependencies all met for dep_context=non-requeueable deps ti=<TaskInstance: etl.gcs_to_bq_orders manual__2024-04-24T16:48:50.005589+00:00 [queued]>
[2024-04-24T16:49:46.232+0000] {taskinstance.py:2073} INFO - Dependencies all met for dep_context=requeueable deps ti=<TaskInstance: etl.gcs_to_bq_orders manual__2024-04-24T16:48:50.005589+00:00 [queued]>
[2024-04-24T16:49:46.238+0000] {taskinstance.py:2303} INFO - Starting attempt 1 of 1
[2024-04-24T16:49:46.307+0000] {taskinstance.py:2327} INFO - Executing <Task(GCSToBigQueryOperator): gcs_to_bq_orders> on 2024-04-24 16:48:50.005589+00:00
[2024-04-24T16:49:46.422+0000] {logging_mixin.py:188} WARNING - /home/***/.local/lib/python3.12/site-packages/***/task/task_runner/standard_task_runner.py:61 DeprecationWarning: This process (pid=4484) is multi-threaded, use of fork() may lead to deadlocks in the child.
[2024-04-24T16:49:46.423+0000] {standard_task_runner.py:63} INFO - Started process 4564 to run task
[2024-04-24T16:49:46.445+0000] {standard_task_runner.py:90} INFO - Running: ['***', 'tasks', 'run', 'etl', 'gcs_to_bq_orders', 'manual__2024-04-24T16:48:50.005589+00:00', '--job-id', '302', '--raw', '--subdir', 'DAGS_FOLDER/etl.py', '--cfg-path', '/tmp/tmplm8_o9yx']
[2024-04-24T16:49:46.457+0000] {standard_task_runner.py:91} INFO - Job 302: Subtask gcs_to_bq_orders
[2024-04-24T16:49:46.709+0000] {task_command.py:426} INFO - Running <TaskInstance: etl.gcs_to_bq_orders manual__2024-04-24T16:48:50.005589+00:00 [running]> on host 204d0a7369e0
[2024-04-24T16:49:48.974+0000] {taskinstance.py:2644} INFO - Exporting env vars: AIRFLOW_CTX_DAG_OWNER='***' AIRFLOW_CTX_DAG_ID='etl' AIRFLOW_CTX_TASK_ID='gcs_to_bq_orders' AIRFLOW_CTX_EXECUTION_DATE='2024-04-24T16:48:50.005589+00:00' AIRFLOW_CTX_TRY_NUMBER='1' AIRFLOW_CTX_DAG_RUN_ID='manual__2024-04-24T16:48:50.005589+00:00'
[2024-04-24T16:49:48.975+0000] {taskinstance.py:430} INFO - ::endgroup::
[2024-04-24T16:49:49.017+0000] {connection.py:274} WARNING - Connection schemes (type: google_cloud_platform) shall not contain '_' according to RFC3986.
[2024-04-24T16:49:49.037+0000] {base.py:84} INFO - Using connection ID 'my_gcp_conn' for task execution.
[2024-04-24T16:49:49.044+0000] {gcs_to_bigquery.py:379} INFO - Using existing BigQuery table for storing data...
[2024-04-24T16:49:49.443+0000] {bigquery.py:2328} INFO - Project is not included in destination_project_dataset_table: order.olist_orders_dataset; using project "dataengineer-415510"
[2024-04-24T16:49:49.444+0000] {gcs_to_bigquery.py:383} INFO - Executing: {'load': {'autodetect': True, 'createDisposition': 'CREATE_IF_NEEDED', 'destinationTable': {'projectId': 'dataengineer-415510', 'datasetId': 'order', 'tableId': 'olist_orders_dataset'}, 'sourceFormat': 'CSV', 'sourceUris': ['gs://swu-ds-525-112233/olist_orders_dataset.csv'], 'writeDisposition': 'WRITE_TRUNCATE', 'ignoreUnknownValues': False, 'skipLeadingRows': None, 'fieldDelimiter': ',', 'quote': None, 'allowQuotedNewlines': False, 'encoding': 'UTF-8'}}
[2024-04-24T16:49:49.451+0000] {bigquery.py:1613} INFO - Inserting job ***_etl_gcs_to_bq_orders_2024_04_24T16_48_50_005589_00_00_717c3555f05d7a6f1104c25f0d019f40
[2024-04-24T16:49:53.806+0000] {local_task_job_runner.py:124} ERROR - Received SIGTERM. Terminating subprocesses
[2024-04-24T16:49:53.816+0000] {process_utils.py:132} INFO - Sending 15 to group 4564. PIDs of all processes in the group: [4564]
[2024-04-24T16:49:53.816+0000] {process_utils.py:87} INFO - Sending the signal 15 to group 4564
[2024-04-24T16:49:53.817+0000] {taskinstance.py:2607} ERROR - Received SIGTERM. Terminating subprocesses.
[2024-04-24T16:49:54.846+0000] {bigquery.py:1504} INFO - Attempting to cancel job : dataengineer-415510, ***_etl_gcs_to_bq_orders_2024_04_24T16_48_50_005589_00_00_717c3555f05d7a6f1104c25f0d019f40
[2024-04-24T16:49:56.272+0000] {bigquery.py:1525} INFO - Waiting for canceled job dataengineer-415510, ***_etl_gcs_to_bq_orders_2024_04_24T16_48_50_005589_00_00_717c3555f05d7a6f1104c25f0d019f40 to finish.
[2024-04-24T16:50:02.487+0000] {bigquery.py:1525} INFO - Waiting for canceled job dataengineer-415510, ***_etl_gcs_to_bq_orders_2024_04_24T16_48_50_005589_00_00_717c3555f05d7a6f1104c25f0d019f40 to finish.
[2024-04-24T16:50:08.160+0000] {bigquery.py:1525} INFO - Waiting for canceled job dataengineer-415510, ***_etl_gcs_to_bq_orders_2024_04_24T16_48_50_005589_00_00_717c3555f05d7a6f1104c25f0d019f40 to finish.
[2024-04-24T16:50:13.613+0000] {bigquery.py:1516} INFO - Job successfully canceled: dataengineer-415510, ***_etl_gcs_to_bq_orders_2024_04_24T16_48_50_005589_00_00_717c3555f05d7a6f1104c25f0d019f40
[2024-04-24T16:50:13.616+0000] {taskinstance.py:441} INFO - ::group::Post task execution logs
[2024-04-24T16:50:13.664+0000] {taskinstance.py:2890} ERROR - Task failed with exception
Traceback (most recent call last):
  File "/home/airflow/.local/lib/python3.12/site-packages/google/api_core/retry/retry_unary.py", line 144, in retry_target
    result = target()
             ^^^^^^^^
  File "/home/airflow/.local/lib/python3.12/site-packages/google/api_core/future/polling.py", line 120, in _done_or_raise
    raise _OperationNotComplete()
google.api_core.future.polling._OperationNotComplete

During handling of the above exception, another exception occurred:

Traceback (most recent call last):
  File "/home/airflow/.local/lib/python3.12/site-packages/airflow/models/taskinstance.py", line 465, in _execute_task
    result = _execute_callable(context=context, **execute_callable_kwargs)
             ^^^^^^^^^^^^^^^^^^^^^^^^^^^^^^^^^^^^^^^^^^^^^^^^^^^^^^^^^^^^^
  File "/home/airflow/.local/lib/python3.12/site-packages/airflow/models/taskinstance.py", line 432, in _execute_callable
    return execute_callable(context=context, **execute_callable_kwargs)
           ^^^^^^^^^^^^^^^^^^^^^^^^^^^^^^^^^^^^^^^^^^^^^^^^^^^^^^^^^^^^
  File "/home/airflow/.local/lib/python3.12/site-packages/airflow/models/baseoperator.py", line 400, in wrapper
    return func(self, *args, **kwargs)
           ^^^^^^^^^^^^^^^^^^^^^^^^^^^
  File "/home/airflow/.local/lib/python3.12/site-packages/airflow/providers/google/cloud/transfers/gcs_to_bigquery.py", line 444, in execute
    job.result(timeout=self.result_timeout, retry=self.result_retry)
  File "/home/airflow/.local/lib/python3.12/site-packages/google/cloud/bigquery/job/base.py", line 971, in result
    return super(_AsyncJob, self).result(timeout=timeout, **kwargs)
           ^^^^^^^^^^^^^^^^^^^^^^^^^^^^^^^^^^^^^^^^^^^^^^^^^^^^^^^^
  File "/home/airflow/.local/lib/python3.12/site-packages/google/api_core/future/polling.py", line 256, in result
    self._blocking_poll(timeout=timeout, retry=retry, polling=polling)
  File "/home/airflow/.local/lib/python3.12/site-packages/google/api_core/future/polling.py", line 137, in _blocking_poll
    polling(self._done_or_raise)(retry=retry)
  File "/home/airflow/.local/lib/python3.12/site-packages/google/api_core/retry/retry_unary.py", line 293, in retry_wrapped_func
    return retry_target(
           ^^^^^^^^^^^^^
  File "/home/airflow/.local/lib/python3.12/site-packages/google/api_core/retry/retry_unary.py", line 164, in retry_target
    time.sleep(sleep)
  File "/home/airflow/.local/lib/python3.12/site-packages/airflow/models/taskinstance.py", line 2609, in signal_handler
    raise AirflowTaskTerminated("Task received SIGTERM signal")
airflow.exceptions.AirflowTaskTerminated: Task received SIGTERM signal
[2024-04-24T16:50:13.710+0000] {taskinstance.py:1205} INFO - Marking task as FAILED. dag_id=etl, task_id=gcs_to_bq_orders, execution_date=20240424T164850, start_date=20240424T164946, end_date=20240424T165013
